# JRE version: OpenJDK Runtime Environment Temurin-17.0.14+7 (17.0.14+7) (build 17.0.14+7)
# Java VM: OpenJDK 64-Bit Server VM Temurin-17.0.14+7 (17.0.14+7, mixed mode, sharing, tiered, compressed oops, compressed class ptrs, g1 gc, windows-amd64)
GC Precious Log:
 CPUs: 8 total, 8 available
 Memory: 7959M
 Large Page Support: Disabled
 NUMA Support: Disabled
 Compressed Oops: Enabled (32-bit)
 Heap Region Size: 1M
 Heap Min Capacity: 8M
 Heap Initial Capacity: 8M
 Heap Max Capacity: 1990M
 Pre-touch: Disabled
 Parallel Workers: 8
 Concurrent Workers: 2
 Concurrent Refinement Workers: 8
 Periodic GC: Disabled
Heap:
 garbage-first heap   total 8192K, used 3144K [0x0000000083a00000, 0x0000000100000000)
  region size 1024K, 1 young (1024K), 1 survivors (1024K)
 Metaspace       used 7842K, committed 8000K, reserved 1114112K
  class space    used 916K, committed 1024K, reserved 1048576K
GC Heap History (11 events):
Event: 0.704 GC heap before
{Heap before GC invocations=0 (full 0):
 garbage-first heap   total 8192K, used 3072K [0x0000000083a00000, 0x0000000100000000)
  region size 1024K, 3 young (3072K), 0 survivors (0K)
 Metaspace       used 2600K, committed 2752K, reserved 1114112K
  class space    used 339K, committed 384K, reserved 1048576K
}
Event: 0.709 GC heap after
{Heap after GC invocations=1 (full 0):
 garbage-first heap   total 8192K, used 1444K [0x0000000083a00000, 0x0000000100000000)
  region size 1024K, 1 young (1024K), 1 survivors (1024K)
 Metaspace       used 2600K, committed 2752K, reserved 1114112K
  class space    used 339K, committed 384K, reserved 1048576K
}
Event: 0.878 GC heap before
{Heap before GC invocations=1 (full 0):
 garbage-first heap   total 8192K, used 2468K [0x0000000083a00000, 0x0000000100000000)
  region size 1024K, 2 young (2048K), 1 survivors (1024K)
 Metaspace       used 5294K, committed 5440K, reserved 1114112K
  class space    used 629K, committed 704K, reserved 1048576K
}
Event: 0.882 GC heap after
{Heap after GC invocations=2 (full 0):
 garbage-first heap   total 8192K, used 1948K [0x0000000083a00000, 0x0000000100000000)
  region size 1024K, 1 young (1024K), 1 survivors (1024K)
 Metaspace       used 5294K, committed 5440K, reserved 1114112K
  class space    used 629K, committed 704K, reserved 1048576K
}
Event: 1.038 GC heap before
{Heap before GC invocations=2 (full 0):
 garbage-first heap   total 8192K, used 2972K [0x0000000083a00000, 0x0000000100000000)
  region size 1024K, 2 young (2048K), 1 survivors (1024K)
 Metaspace       used 7095K, committed 7296K, reserved 1114112K
  class space    used 832K, committed 896K, reserved 1048576K
}
Event: 1.041 GC heap after
{Heap after GC invocations=3 (full 0):
 garbage-first heap   total 8192K, used 2236K [0x0000000083a00000, 0x0000000100000000)
  region size 1024K, 1 young (1024K), 1 survivors (1024K)
 Metaspace       used 7095K, committed 7296K, reserved 1114112K
  class space    used 832K, committed 896K, reserved 1048576K
}
Event: 1.103 GC heap before
{Heap before GC invocations=3 (full 0):
 garbage-first heap   total 8192K, used 3260K [0x0000000083a00000, 0x0000000100000000)
  region size 1024K, 2 young (2048K), 1 survivors (1024K)
 Metaspace       used 7544K, committed 7744K, reserved 1114112K
  class space    used 879K, committed 960K, reserved 1048576K
}
Event: 1.105 GC heap after
{Heap after GC invocations=4 (full 0):
 garbage-first heap   total 8192K, used 2490K [0x0000000083a00000, 0x0000000100000000)
  region size 1024K, 1 young (1024K), 1 survivors (1024K)
 Metaspace       used 7544K, committed 7744K, reserved 1114112K
  class space    used 879K, committed 960K, reserved 1048576K
}
Event: 1.143 GC heap before
{Heap before GC invocations=4 (full 0):
 garbage-first heap   total 8192K, used 3514K [0x0000000083a00000, 0x0000000100000000)
  region size 1024K, 2 young (2048K), 1 survivors (1024K)
 Metaspace       used 7641K, committed 7872K, reserved 1114112K
  class space    used 887K, committed 960K, reserved 1048576K
}
Event: 1.149 GC heap after
{Heap after GC invocations=5 (full 0):
 garbage-first heap   total 8192K, used 2905K [0x0000000083a00000, 0x0000000100000000)
  region size 1024K, 1 young (1024K), 1 survivors (1024K)
 Metaspace       used 7641K, committed 7872K, reserved 1114112K
  class space    used 887K, committed 960K, reserved 1048576K
}
Event: 1.184 GC heap before
{Heap before GC invocations=5 (full 0):
 garbage-first heap   total 8192K, used 3929K [0x0000000083a00000, 0x0000000100000000)
  region size 1024K, 2 young (2048K), 1 survivors (1024K)
 Metaspace       used 7842K, committed 8000K, reserved 1114112K
  class space    used 916K, committed 1024K, reserved 1048576K
}

